0 info it worked if it ends with ok
1 verbose cli [ '/usr/local/bin/node', '/usr/local/bin/npm', 'publish' ]
2 info using npm@2.5.1
3 info using node@v0.12.0
4 verbose publish [ '.' ]
5 silly cache add args [ '.', null ]
6 verbose cache add spec .
7 silly cache add parsed spec { raw: '.',
7 silly cache add   scope: null,
7 silly cache add   name: null,
7 silly cache add   rawSpec: '.',
7 silly cache add   spec: '/Users/wangxin/Documents/Frend/GitRepo/FrendEr/fScrollspy.js',
7 silly cache add   type: 'directory' }
8 verbose addLocalDirectory /Users/wangxin/.npm/fscrollspy.js/1.0.0/package.tgz not in flight; packing
9 verbose tar pack [ '/Users/wangxin/.npm/fscrollspy.js/1.0.0/package.tgz',
9 verbose tar pack   '/Users/wangxin/Documents/Frend/GitRepo/FrendEr/fScrollspy.js' ]
10 verbose tarball /Users/wangxin/.npm/fscrollspy.js/1.0.0/package.tgz
11 verbose folder /Users/wangxin/Documents/Frend/GitRepo/FrendEr/fScrollspy.js
12 info prepublish fscrollspy.js@1.0.0
13 verbose addLocalTarball adding from inside cache /Users/wangxin/.npm/fscrollspy.js/1.0.0/package.tgz
14 silly cache afterAdd fscrollspy.js@1.0.0
15 verbose afterAdd /Users/wangxin/.npm/fscrollspy.js/1.0.0/package/package.json not in flight; writing
16 verbose afterAdd /Users/wangxin/.npm/fscrollspy.js/1.0.0/package/package.json written
17 silly publish { name: 'fscrollspy.js',
17 silly publish   version: '1.0.0',
17 silly publish   description: 'scroll plugin refer to bootstrap-scrollspy.js and extend from it',
17 silly publish   main: 'fScrollspy.js',
17 silly publish   scripts: { test: 'echo "Error: no test specified" && exit 1' },
17 silly publish   repository:
17 silly publish    { type: 'git',
17 silly publish      url: 'https://github.com/FrendEr/fScrollspy.js.git' },
17 silly publish   keywords: [ 'scrollspy' ],
17 silly publish   author: { name: 'Frend' },
17 silly publish   license: 'MIT',
17 silly publish   bugs: { url: 'https://github.com/FrendEr/fScrollspy.js/issues' },
17 silly publish   homepage: 'https://github.com/FrendEr/fScrollspy.js',
17 silly publish   devDependencies:
17 silly publish    { grunt: '^0.4.5',
17 silly publish      'grunt-contrib-copy': '^0.8.0',
17 silly publish      'grunt-contrib-jshint': '^0.11.2',
17 silly publish      'grunt-contrib-uglify': '^0.9.1' },
17 silly publish   readme: '# fScrollspy.js - 屏幕滚动插件\n这个插件fork自bootstrap的[scrollspy.js](https://github.com/twbs/bootstrap/blob/master/js/scrollspy.js)，在使用上进行了定制和拓展。\n\n## Initialize\n```javascript\nvar scrollspy = new Scrollspy({\n\tscrollElement: window,\n\toffset: 45,\n\t\n\tselector: \'.nav-list a\',\n\tactiveCls: \'on\',\n\treachSelector: function() {\n\t\t$(\'.nav-list\').css({\n\t\t\tposition: \'fixed\',\n\t\t\ttop: 0,\n\t\t\tleft: 0,\n\t\t\tzIndex: 999\n\t\t});\n\t},\n\tleaveSelector: function() {\n\t\t$(\'.nav-list\').css({\n\t\t\tposition: \'static\'\n\t\t});\n\t},\n\t\n\treachTarget: function() {\n\t\tif (!$(\'.nav-list\').is(\':visible\')) {\n\t\t\t$(\'.nav-list\').show();\n\t\t}\n\t},\n\tleaveTarget: function() {\n\t\tif ($(\'.nav-list\').is(\':visible\')) {\n\t\t\t$(\'.nav-list\').hide();\n\t\t}\n\t},\n\t\n\tscrollDown: function() {\n\t\t$(\'#directionTips\').text(\'scrolling down\').fadeIn(400);\n\t},\n\tscrollUp: function() {\n\t\t$(\'#directionTips\').text(\'scrolling up\').fadeIn(400);\n\t}\n});\n```\n\n## Example\ndemo：[http://frender.github.io/fScrollspy.js](http://frender.github.io/fScrollspy.js)\n\n## Options\n\n- **scrollElement**: 监听滚动的元素，默认为window\n- **offset**: 偏移量，为到达监听对象前后设置一个过渡距离\n- **selector**: 选择器，在这里为监听滚动事件的导航元素\n- **activeCls**: 选中状态下的导航元素的class\n- **reachSelector**: 【回调函数】监听选择器到达最顶部的监听对象的事件\n- **leaveSelector**: 【回调函数】监听选择器离开最顶部的监听对象的事件\n- **reachTarget**: 【回调函数】监听选择器进入监听对象区域的事件\n- **leaveTarget**: 【回调函数】监听选择器离开监听对象区域的事件\n- **scrollDown**: 【回调函数】监听屏幕向下滚动的事件\n- **scrollUp**: 【回调函数】监听屏幕向上滚动的事件\n\n## Installation\n```javascript\nbower install fScrollspy.js --save(-dev)\n```\n##Version\n- **1.0.0**\n',
17 silly publish   readmeFilename: 'README.md',
17 silly publish   gitHead: '524ce7c938ffa352c49a710b3a9e4b030586335b',
17 silly publish   _id: 'fscrollspy.js@1.0.0',
17 silly publish   _shasum: 'b240194b10467ad112992526d97549034d11e50a',
17 silly publish   _from: '.' }
18 silly mapToRegistry name fscrollspy.js
19 silly mapToRegistry using default registry
20 silly mapToRegistry registry https://registry.npmjs.org/
21 silly mapToRegistry uri https://registry.npmjs.org/fscrollspy.js
22 verbose publish registryBase https://registry.npmjs.org/
23 silly publish uploading /Users/wangxin/.npm/fscrollspy.js/1.0.0/package.tgz
24 verbose request uri https://registry.npmjs.org/fscrollspy.js
25 verbose request sending authorization for write operation
26 info attempt registry request try #1 at 23:59:47
27 verbose request using bearer token for auth
28 verbose request id f49a568dc5078784
29 http request PUT https://registry.npmjs.org/fscrollspy.js
30 http 403 https://registry.npmjs.org/fscrollspy.js
31 verbose headers { 'content-type': 'application/json',
31 verbose headers   'cache-control': 'max-age=60',
31 verbose headers   'content-length': '95',
31 verbose headers   'accept-ranges': 'bytes',
31 verbose headers   date: 'Fri, 26 Jun 2015 15:59:48 GMT',
31 verbose headers   via: '1.1 varnish',
31 verbose headers   connection: 'keep-alive',
31 verbose headers   'x-served-by': 'cache-hkg6826-HKG',
31 verbose headers   'x-cache': 'MISS',
31 verbose headers   'x-cache-hits': '0',
31 verbose headers   'x-timer': 'S1435334383.616555,VS0,VE4589' }
32 verbose request invalidating /Users/wangxin/.npm/registry.npmjs.org/fscrollspy.js on PUT
33 error publish Failed PUT 403
34 verbose stack Error: "You cannot publish over the previously published version 1.0.0." : fscrollspy.js
34 verbose stack     at CachingRegistryClient.<anonymous> (/usr/local/lib/node_modules/npm/node_modules/npm-registry-client/lib/request.js:254:14)
34 verbose stack     at Request._callback (/usr/local/lib/node_modules/npm/node_modules/npm-registry-client/lib/request.js:178:14)
34 verbose stack     at Request.self.callback (/usr/local/lib/node_modules/npm/node_modules/request/request.js:344:22)
34 verbose stack     at Request.emit (events.js:110:17)
34 verbose stack     at Request.<anonymous> (/usr/local/lib/node_modules/npm/node_modules/request/request.js:1239:14)
34 verbose stack     at Request.emit (events.js:129:20)
34 verbose stack     at IncomingMessage.<anonymous> (/usr/local/lib/node_modules/npm/node_modules/request/request.js:1187:12)
34 verbose stack     at IncomingMessage.emit (events.js:129:20)
34 verbose stack     at _stream_readable.js:908:16
34 verbose stack     at process._tickCallback (node.js:355:11)
35 verbose statusCode 403
36 verbose pkgid fscrollspy.js
37 verbose cwd /Users/wangxin/Documents/Frend/GitRepo/FrendEr/fScrollspy.js
38 error Darwin 14.0.0
39 error argv "/usr/local/bin/node" "/usr/local/bin/npm" "publish"
40 error node v0.12.0
41 error npm  v2.5.1
42 error code E403
43 error "You cannot publish over the previously published version 1.0.0." : fscrollspy.js
44 error If you need help, you may report this error at:
44 error     <http://github.com/npm/npm/issues>
45 verbose exit [ 1, true ]
